<?xml version="1.0" encoding="UTF-8"?>
<testsuite xmlns:xsi="http://www.w3.org/2001/XMLSchema-instance" xsi:noNamespaceSchemaLocation="https://maven.apache.org/surefire/maven-surefire-plugin/xsd/surefire-test-report.xsd" name="com.xyz.springdemo.appointmentmanagementsystem.PatientTests" time="10.901" tests="3" errors="1" skipped="0" failures="1">
  <properties>
[...]
</properties>
  <testcase name="findAllPatients" classname="com.xyz.springdemo.appointmentmanagementsystem.PatientTests" time="0.593">
    <failure message="&#10;Expecting actual:&#10;  0&#10;to be greater than:&#10;  0&#10;" type="java.lang.AssertionError">java.lang.AssertionError: 

Expecting actual:
  0
to be greater than:
  0

	at com.xyz.springdemo.appointmentmanagementsystem.PatientTests.findAllPatients(PatientTests.java:32)
</failure>
    <system-out><![CDATA[13:49:36.742 [main] DEBUG org.springframework.test.context.BootstrapUtils - Instantiating CacheAwareContextLoaderDelegate from class [org.springframework.test.context.cache.DefaultCacheAwareContextLoaderDelegate]
13:49:36.755 [main] DEBUG org.springframework.test.context.BootstrapUtils - Instantiating BootstrapContext using constructor [public org.springframework.test.context.support.DefaultBootstrapContext(java.lang.Class,org.springframework.test.context.CacheAwareContextLoaderDelegate)]
13:49:36.810 [main] DEBUG org.springframework.test.context.BootstrapUtils - Instantiating TestContextBootstrapper for test class [com.xyz.springdemo.appointmentmanagementsystem.PatientTests] from class [org.springframework.boot.test.context.SpringBootTestContextBootstrapper]
13:49:36.828 [main] INFO org.springframework.boot.test.context.SpringBootTestContextBootstrapper - Neither @ContextConfiguration nor @ContextHierarchy found for test class [com.xyz.springdemo.appointmentmanagementsystem.PatientTests], using SpringBootContextLoader
13:49:36.835 [main] DEBUG org.springframework.test.context.support.AbstractContextLoader - Did not detect default resource location for test class [com.xyz.springdemo.appointmentmanagementsystem.PatientTests]: class path resource [com/xyz/springdemo/appointmentmanagementsystem/PatientTests-context.xml] does not exist
13:49:36.836 [main] DEBUG org.springframework.test.context.support.AbstractContextLoader - Did not detect default resource location for test class [com.xyz.springdemo.appointmentmanagementsystem.PatientTests]: class path resource [com/xyz/springdemo/appointmentmanagementsystem/PatientTestsContext.groovy] does not exist
13:49:36.837 [main] INFO org.springframework.test.context.support.AbstractContextLoader - Could not detect default resource locations for test class [com.xyz.springdemo.appointmentmanagementsystem.PatientTests]: no resource found for suffixes {-context.xml, Context.groovy}.
13:49:36.839 [main] INFO org.springframework.test.context.support.AnnotationConfigContextLoaderUtils - Could not detect default configuration classes for test class [com.xyz.springdemo.appointmentmanagementsystem.PatientTests]: PatientTests does not declare any static, non-private, non-final, nested classes annotated with @Configuration.
13:49:36.926 [main] DEBUG org.springframework.test.context.support.ActiveProfilesUtils - Could not find an 'annotation declaring class' for annotation type [org.springframework.test.context.ActiveProfiles] and class [com.xyz.springdemo.appointmentmanagementsystem.PatientTests]
13:49:37.033 [main] DEBUG org.springframework.context.annotation.ClassPathScanningCandidateComponentProvider - Identified candidate component class: file [/home/arvinc/zemoso-training/version-2.0/demo_/demo-app-v3/target/classes/com/xyz/springdemo/appointmentmanagementsystem/AppointmentManagementSystemApplication.class]
13:49:37.035 [main] INFO org.springframework.boot.test.context.SpringBootTestContextBootstrapper - Found @SpringBootConfiguration com.xyz.springdemo.appointmentmanagementsystem.AppointmentManagementSystemApplication for test class com.xyz.springdemo.appointmentmanagementsystem.PatientTests
13:49:37.191 [main] DEBUG org.springframework.boot.test.context.SpringBootTestContextBootstrapper - @TestExecutionListeners is not present for class [com.xyz.springdemo.appointmentmanagementsystem.PatientTests]: using defaults.
13:49:37.192 [main] INFO org.springframework.boot.test.context.SpringBootTestContextBootstrapper - Loaded default TestExecutionListener class names from location [META-INF/spring.factories]: [org.springframework.boot.test.mock.mockito.MockitoTestExecutionListener, org.springframework.boot.test.mock.mockito.ResetMocksTestExecutionListener, org.springframework.boot.test.autoconfigure.restdocs.RestDocsTestExecutionListener, org.springframework.boot.test.autoconfigure.web.client.MockRestServiceServerResetTestExecutionListener, org.springframework.boot.test.autoconfigure.web.servlet.MockMvcPrintOnlyOnFailureTestExecutionListener, org.springframework.boot.test.autoconfigure.web.servlet.WebDriverTestExecutionListener, org.springframework.boot.test.autoconfigure.webservices.client.MockWebServiceServerTestExecutionListener, org.springframework.test.context.web.ServletTestExecutionListener, org.springframework.test.context.support.DirtiesContextBeforeModesTestExecutionListener, org.springframework.test.context.event.ApplicationEventsTestExecutionListener, org.springframework.test.context.support.DependencyInjectionTestExecutionListener, org.springframework.test.context.support.DirtiesContextTestExecutionListener, org.springframework.test.context.transaction.TransactionalTestExecutionListener, org.springframework.test.context.jdbc.SqlScriptsTestExecutionListener, org.springframework.test.context.event.EventPublishingTestExecutionListener, org.springframework.security.test.context.support.WithSecurityContextTestExecutionListener, org.springframework.security.test.context.support.ReactorContextTestExecutionListener]
13:49:37.220 [main] INFO org.springframework.boot.test.context.SpringBootTestContextBootstrapper - Using TestExecutionListeners: [org.springframework.test.context.web.ServletTestExecutionListener@6b44435b, org.springframework.test.context.support.DirtiesContextBeforeModesTestExecutionListener@2ccca26f, org.springframework.test.context.event.ApplicationEventsTestExecutionListener@66b7550d, org.springframework.boot.test.mock.mockito.MockitoTestExecutionListener@3543df7d, org.springframework.boot.test.autoconfigure.SpringBootDependencyInjectionTestExecutionListener@7c541c15, org.springframework.test.context.support.DirtiesContextTestExecutionListener@3542162a, org.springframework.test.context.transaction.TransactionalTestExecutionListener@698122b2, org.springframework.test.context.jdbc.SqlScriptsTestExecutionListener@4212a0c8, org.springframework.test.context.event.EventPublishingTestExecutionListener@1e7aa82b, org.springframework.security.test.context.support.WithSecurityContextTestExecutionListener@3b2c0e88, org.springframework.security.test.context.support.ReactorContextTestExecutionListener@5bd82fed, org.springframework.boot.test.mock.mockito.ResetMocksTestExecutionListener@c1bd0be, org.springframework.boot.test.autoconfigure.restdocs.RestDocsTestExecutionListener@476b0ae6, org.springframework.boot.test.autoconfigure.web.client.MockRestServiceServerResetTestExecutionListener@1c6804cd, org.springframework.boot.test.autoconfigure.web.servlet.MockMvcPrintOnlyOnFailureTestExecutionListener@655f7ea, org.springframework.boot.test.autoconfigure.web.servlet.WebDriverTestExecutionListener@549949be, org.springframework.boot.test.autoconfigure.webservices.client.MockWebServiceServerTestExecutionListener@4b3a45f1]
13:49:37.226 [main] DEBUG org.springframework.test.context.support.AbstractDirtiesContextTestExecutionListener - Before test class: context [DefaultTestContext@488eb7f2 testClass = PatientTests, testInstance = [null], testMethod = [null], testException = [null], mergedContextConfiguration = [WebMergedContextConfiguration@5e81e5ac testClass = PatientTests, locations = '{}', classes = '{class com.xyz.springdemo.appointmentmanagementsystem.AppointmentManagementSystemApplication}', contextInitializerClasses = '[]', activeProfiles = '{}', propertySourceLocations = '{}', propertySourceProperties = '{org.springframework.boot.test.context.SpringBootTestContextBootstrapper=true}', contextCustomizers = set[org.springframework.boot.test.context.filter.ExcludeFilterContextCustomizer@2fba3fc4, org.springframework.boot.test.json.DuplicateJsonObjectContextCustomizerFactory$DuplicateJsonObjectContextCustomizer@1c39680d, org.springframework.boot.test.mock.mockito.MockitoContextCustomizer@0, org.springframework.boot.test.web.client.TestRestTemplateContextCustomizer@26df6e3a, org.springframework.boot.test.autoconfigure.actuate.metrics.MetricsExportContextCustomizerFactory$DisableMetricExportContextCustomizer@6f6745d6, org.springframework.boot.test.autoconfigure.properties.PropertyMappingContextCustomizer@0, org.springframework.boot.test.autoconfigure.web.servlet.WebDriverContextCustomizerFactory$Customizer@58594a11, org.springframework.boot.test.context.SpringBootTestArgs@1, org.springframework.boot.test.context.SpringBootTestWebEnvironment@149e0f5d], resourceBasePath = 'src/main/webapp', contextLoader = 'org.springframework.boot.test.context.SpringBootContextLoader', parent = [null]], attributes = map['org.springframework.test.context.web.ServletTestExecutionListener.activateListener' -> true]], class annotated with @DirtiesContext [false] with mode [null].
13:49:37.335 [main] DEBUG org.springframework.boot.ApplicationServletEnvironment - Activating profiles []
13:49:37.340 [main] DEBUG org.springframework.test.context.support.TestPropertySourceUtils - Adding inlined properties to environment: {spring.jmx.enabled=false, org.springframework.boot.test.context.SpringBootTestContextBootstrapper=true}

  .   ____          _            __ _ _
 /\\ / ___'_ __ _ _(_)_ __  __ _ \ \ \ \
( ( )\___ | '_ | '_| | '_ \/ _` | \ \ \ \
 \\/  ___)| |_)| | | | | || (_| |  ) ) ) )
  '  |____| .__|_| |_|_| |_\__, | / / / /
 =========|_|==============|___/=/_/_/_/
 :: Spring Boot ::                (v2.6.0)

2021-12-06 13:49:37.851  INFO 58522 --- [           main] c.x.s.a.PatientTests                     : Starting PatientTests using Java 11.0.11 on PF2PVE1N with PID 58522 (started by arvinc in /home/arvinc/zemoso-training/version-2.0/demo_/demo-app-v3)
2021-12-06 13:49:37.853  INFO 58522 --- [           main] c.x.s.a.PatientTests                     : No active profile set, falling back to default profiles: default
2021-12-06 13:49:39.171  INFO 58522 --- [           main] .s.d.r.c.RepositoryConfigurationDelegate : Bootstrapping Spring Data JPA repositories in DEFAULT mode.
2021-12-06 13:49:39.308  INFO 58522 --- [           main] .s.d.r.c.RepositoryConfigurationDelegate : Finished Spring Data repository scanning in 120 ms. Found 5 JPA repository interfaces.
2021-12-06 13:49:40.634  INFO 58522 --- [           main] o.hibernate.jpa.internal.util.LogHelper  : HHH000204: Processing PersistenceUnitInfo [name: default]
2021-12-06 13:49:40.705  INFO 58522 --- [           main] org.hibernate.Version                    : HHH000412: Hibernate ORM core version 5.6.1.Final
2021-12-06 13:49:40.937  INFO 58522 --- [           main] o.hibernate.annotations.common.Version   : HCANN000001: Hibernate Commons Annotations {5.1.2.Final}
2021-12-06 13:49:41.157  INFO 58522 --- [           main] com.zaxxer.hikari.HikariDataSource       : HikariPool-1 - Starting...
2021-12-06 13:49:41.523  INFO 58522 --- [           main] com.zaxxer.hikari.HikariDataSource       : HikariPool-1 - Start completed.
2021-12-06 13:49:41.562  INFO 58522 --- [           main] org.hibernate.dialect.Dialect            : HHH000400: Using dialect: org.hibernate.dialect.MySQL5InnoDBDialect
2021-12-06 13:49:42.753  INFO 58522 --- [           main] o.h.e.t.j.p.i.JtaPlatformInitiator       : HHH000490: Using JtaPlatform implementation: [org.hibernate.engine.transaction.jta.platform.internal.NoJtaPlatform]
2021-12-06 13:49:42.774  INFO 58522 --- [           main] j.LocalContainerEntityManagerFactoryBean : Initialized JPA EntityManagerFactory for persistence unit 'default'
2021-12-06 13:49:42.952  WARN 58522 --- [           main] JpaBaseConfiguration$JpaWebConfiguration : spring.jpa.open-in-view is enabled by default. Therefore, database queries may be performed during view rendering. Explicitly configure spring.jpa.open-in-view to disable this warning
2021-12-06 13:49:44.903  INFO 58522 --- [           main] o.s.s.web.DefaultSecurityFilterChain     : Will secure any request with [org.springframework.security.web.context.request.async.WebAsyncManagerIntegrationFilter@63053b71, org.springframework.security.web.context.SecurityContextPersistenceFilter@1b984ba5, org.springframework.security.web.header.HeaderWriterFilter@43b74979, org.springframework.security.web.csrf.CsrfFilter@2a666c8e, org.springframework.security.web.authentication.logout.LogoutFilter@3ffe74da, org.springframework.security.web.authentication.UsernamePasswordAuthenticationFilter@1e2c0292, org.springframework.security.web.savedrequest.RequestCacheAwareFilter@7c751692, org.springframework.security.web.servletapi.SecurityContextHolderAwareRequestFilter@4c05f83b, org.springframework.security.web.authentication.AnonymousAuthenticationFilter@4687c184, org.springframework.security.web.session.SessionManagementFilter@242ebd3b, org.springframework.security.web.access.ExceptionTranslationFilter@1af78e37, org.springframework.security.web.access.intercept.FilterSecurityInterceptor@75566f4]
2021-12-06 13:49:46.557  INFO 58522 --- [           main] c.x.s.a.PatientTests                     : Started PatientTests in 9.216 seconds (JVM running for 11.108)
2021-12-06 13:49:46.818  INFO 58522 --- [           main] c.x.s.a.aspect.Logging                   : 
=========> Finding from service layer
2021-12-06 13:49:47.052  INFO 58522 --- [           main] c.x.s.a.aspect.Logging                   : 
=========> Found from service layer
]]></system-out>
  </testcase>
  <testcase name="findById" classname="com.xyz.springdemo.appointmentmanagementsystem.PatientTests" time="0.032">
    <error message="Patient not found with id 3" type="java.lang.RuntimeException">java.lang.RuntimeException: Patient not found with id 3
	at com.xyz.springdemo.appointmentmanagementsystem.PatientTests.findById(PatientTests.java:37)
</error>
    <system-out><![CDATA[2021-12-06 13:49:47.192  INFO 58522 --- [           main] c.x.s.a.aspect.Logging                   : 
=========> Finding from service layer
2021-12-06 13:49:47.214  INFO 58522 --- [           main] c.x.s.a.aspect.Logging                   : 
=========> Found from service layer
]]></system-out>
  </testcase>
  <testcase name="savePatient" classname="com.xyz.springdemo.appointmentmanagementsystem.PatientTests" time="0.29"/>
</testsuite>